[debug] [2023-07-09T19:24:21.447Z] ----------------------------------------------------------------------
[debug] [2023-07-09T19:24:21.448Z] Command:       C:\Program Files\nodejs\node.exe C:\Users\HP\AppData\Roaming\npm\node_modules\firebase-tools\lib\bin\firebase.js init
[debug] [2023-07-09T19:24:21.449Z] CLI Version:   12.4.3
[debug] [2023-07-09T19:24:21.449Z] Platform:      win32
[debug] [2023-07-09T19:24:21.449Z] Node Version:  v18.16.0
[debug] [2023-07-09T19:24:21.450Z] Time:          Mon Jul 10 2023 00:54:21 GMT+0530 (India Standard Time)
[debug] [2023-07-09T19:24:21.450Z] ----------------------------------------------------------------------
[debug] 
[debug] [2023-07-09T19:24:21.527Z] > command requires scopes: ["email","openid","https://www.googleapis.com/auth/cloudplatformprojects.readonly","https://www.googleapis.com/auth/firebase","https://www.googleapis.com/auth/cloud-platform"]
[debug] [2023-07-09T19:24:21.527Z] > authorizing via signed-in user (rajpaliwal8649@gmail.com)
[info] 
     ######## #### ########  ######## ########     ###     ######  ########
     ##        ##  ##     ## ##       ##     ##  ##   ##  ##       ##
     ######    ##  ########  ######   ########  #########  ######  ######
     ##        ##  ##    ##  ##       ##     ## ##     ##       ## ##
     ##       #### ##     ## ######## ########  ##     ##  ######  ########

You're about to initialize a Firebase project in this directory:

  C:\Users\HP

Before we get started, keep in mind:

  * You are initializing within an existing Firebase project directory

